{"level":"INFO","time":"2022-09-20T15:27:53.312+0800","caller":"core/zap.go:38","msg":"init logger success"}
{"level":"INFO","time":"2022-09-20T15:28:56.145+0800","caller":"core/zap.go:38","msg":"init logger success"}
{"level":"INFO","time":"2022-09-20T15:39:43.039+0800","caller":"core/zap.go:38","msg":"init logger success"}
{"level":"INFO","time":"2022-09-20T15:47:15.281+0800","caller":"core/zap.go:38","msg":"init logger success"}
{"level":"INFO","time":"2022-09-20T16:02:52.598+0800","caller":"core/zap.go:38","msg":"init logger success"}
{"level":"INFO","time":"2022-09-20T16:03:26.929+0800","caller":"core/zap.go:38","msg":"init logger success"}
{"level":"INFO","time":"2022-09-20T16:06:41.018+0800","caller":"core/zap.go:38","msg":"init logger success"}
{"level":"INFO","time":"2022-09-20T16:08:19.223+0800","caller":"core/zap.go:38","msg":"init logger success"}
{"level":"INFO","time":"2022-09-21T14:18:19.488+0800","caller":"core/zap.go:38","msg":"init logger success"}
{"level":"INFO","time":"2022-09-21T14:19:07.428+0800","caller":"core/zap.go:38","msg":"init logger success"}
{"level":"INFO","time":"2022-09-21T16:09:05.919+0800","caller":"core/zap.go:38","msg":"init logger success"}
{"level":"INFO","time":"2022-09-21T16:15:32.150+0800","caller":"core/zap.go:38","msg":"init logger success"}
{"level":"INFO","time":"2022-09-21T16:17:29.951+0800","caller":"core/zap.go:38","msg":"init logger success"}
{"level":"INFO","time":"2022-09-21T16:20:15.933+0800","caller":"core/zap.go:38","msg":"init logger success"}
{"level":"INFO","time":"2022-09-21T16:23:18.414+0800","caller":"core/zap.go:38","msg":"init logger success"}
{"level":"INFO","time":"2022-09-21T16:25:43.368+0800","caller":"core/zap.go:38","msg":"init logger success"}
{"level":"INFO","time":"2022-09-21T16:35:01.554+0800","caller":"core/zap.go:38","msg":"init logger success"}
{"level":"INFO","time":"2022-09-21T16:45:34.267+0800","caller":"core/zap.go:38","msg":"init logger success"}
{"level":"INFO","time":"2022-09-21T16:57:43.412+0800","caller":"core/zap.go:38","msg":"init logger success"}
{"level":"INFO","time":"2022-09-21T17:04:07.432+0800","caller":"core/zap.go:38","msg":"init logger success"}
{"level":"INFO","time":"2022-09-21T17:07:02.465+0800","caller":"core/zap.go:38","msg":"init logger success"}
{"level":"INFO","time":"2022-09-21T17:09:28.647+0800","caller":"core/zap.go:38","msg":"init logger success"}
{"level":"INFO","time":"2022-09-21T17:18:15.880+0800","caller":"core/zap.go:38","msg":"init logger success"}
{"level":"INFO","time":"2022-09-21T17:20:19.449+0800","caller":"core/zap.go:38","msg":"init logger success"}
{"level":"INFO","time":"2022-09-21T17:22:50.140+0800","caller":"core/zap.go:38","msg":"init logger success"}
{"level":"INFO","time":"2022-09-21T17:24:01.669+0800","caller":"core/zap.go:38","msg":"init logger success"}
{"level":"INFO","time":"2022-09-21T17:24:52.998+0800","caller":"core/zap.go:38","msg":"init logger success"}
{"level":"INFO","time":"2022-09-21T17:25:59.840+0800","caller":"core/zap.go:38","msg":"init logger success"}
{"level":"INFO","time":"2022-09-21T17:26:51.097+0800","caller":"core/zap.go:38","msg":"init logger success"}
{"level":"INFO","time":"2022-09-21T17:29:21.257+0800","caller":"core/zap.go:38","msg":"init logger success"}
{"level":"INFO","time":"2022-09-21T17:30:13.818+0800","caller":"core/zap.go:38","msg":"init logger success"}
{"level":"INFO","time":"2022-09-21T17:30:28.223+0800","caller":"core/zap.go:38","msg":"init logger success"}
{"level":"INFO","time":"2022-09-21T17:31:20.931+0800","caller":"core/zap.go:38","msg":"init logger success"}
{"level":"INFO","time":"2022-09-21T17:31:41.023+0800","caller":"core/zap.go:38","msg":"init logger success"}
{"level":"INFO","time":"2022-09-21T17:32:37.922+0800","caller":"core/zap.go:38","msg":"init logger success"}
{"level":"INFO","time":"2022-09-21T17:32:58.280+0800","caller":"core/zap.go:38","msg":"init logger success"}
{"level":"INFO","time":"2022-09-21T17:33:14.538+0800","caller":"core/zap.go:38","msg":"init logger success"}
{"level":"INFO","time":"2022-09-21T17:33:31.332+0800","caller":"core/zap.go:38","msg":"init logger success"}
{"level":"INFO","time":"2022-09-21T17:35:15.096+0800","caller":"core/zap.go:38","msg":"init logger success"}
{"level":"INFO","time":"2022-09-21T17:36:14.972+0800","caller":"core/zap.go:38","msg":"init logger success"}
{"level":"INFO","time":"2022-09-21T17:37:12.370+0800","caller":"core/zap.go:38","msg":"init logger success"}
{"level":"INFO","time":"2022-09-21T17:43:19.884+0800","caller":"core/zap.go:38","msg":"init logger success"}
{"level":"INFO","time":"2022-09-21T17:44:14.049+0800","caller":"core/zap.go:38","msg":"init logger success"}
{"level":"ERROR","time":"2022-09-21T19:23:19.672+0800","caller":"controller/user.go:24","msg":"mysql Login failed","error":"密码错误"}
{"level":"INFO","time":"2022-09-21T19:29:55.021+0800","caller":"core/zap.go:38","msg":"init logger success"}
{"level":"INFO","time":"2022-09-21T19:30:38.821+0800","caller":"core/zap.go:38","msg":"init logger success"}
{"level":"INFO","time":"2022-09-21T19:32:45.087+0800","caller":"core/zap.go:38","msg":"init logger success"}
{"level":"INFO","time":"2022-09-21T19:47:09.761+0800","caller":"core/zap.go:38","msg":"init logger success"}
{"level":"ERROR","time":"2022-09-21T19:49:22.842+0800","caller":"controller/user.go:18","msg":"invalid params","error":"invalid character '/' looking for beginning of value"}
{"level":"ERROR","time":"2022-09-21T19:50:29.178+0800","caller":"controller/user.go:18","msg":"invalid params","error":"invalid character '/' looking for beginning of value"}
{"level":"ERROR","time":"2022-09-21T19:50:52.768+0800","caller":"controller/user.go:18","msg":"invalid params","error":"invalid character '/' looking for beginning of value"}
{"level":"ERROR","time":"2022-09-21T19:51:48.178+0800","caller":"controller/user.go:18","msg":"invalid params","error":"invalid character '/' looking for beginning of value"}
{"level":"ERROR","time":"2022-09-21T19:51:56.825+0800","caller":"controller/user.go:18","msg":"invalid params","error":"invalid character '/' looking for beginning of value"}
{"level":"ERROR","time":"2022-09-21T19:53:19.651+0800","caller":"controller/user.go:18","msg":"invalid params","error":"invalid character '/' looking for beginning of value"}
{"level":"INFO","time":"2022-09-21T19:53:30.452+0800","caller":"core/zap.go:38","msg":"init logger success"}
{"level":"ERROR","time":"2022-09-21T19:53:35.710+0800","caller":"controller/user.go:18","msg":"invalid params","error":"invalid character '/' looking for beginning of value"}
{"level":"INFO","time":"2022-09-21T19:55:12.757+0800","caller":"core/zap.go:38","msg":"init logger success"}
{"level":"ERROR","time":"2022-09-21T19:55:58.923+0800","caller":"controller/user.go:18","msg":"invalid params","error":"invalid character '/' looking for beginning of value"}
{"level":"ERROR","time":"2022-09-21T19:58:18.668+0800","caller":"controller/user.go:18","msg":"invalid params","error":"invalid character '/' looking for beginning of value"}
{"level":"INFO","time":"2022-09-21T20:04:51.220+0800","caller":"core/zap.go:38","msg":"init logger success"}
{"level":"INFO","time":"2022-09-21T20:08:08.398+0800","caller":"core/zap.go:38","msg":"init logger success"}
{"level":"INFO","time":"2022-09-21T20:17:38.089+0800","caller":"core/zap.go:38","msg":"init logger success"}
{"level":"ERROR","time":"2022-09-21T20:17:43.579+0800","caller":"controller/user.go:52","msg":"shouldBind register failed","error":"Key: 'RegisterForm.DepartmentName' Error:Field validation for 'DepartmentName' failed on the 'required' tag"}
{"level":"INFO","time":"2022-09-22T14:35:14.025+0800","caller":"core/zap.go:38","msg":"init logger success"}
{"level":"INFO","time":"2022-09-22T14:37:17.527+0800","caller":"core/zap.go:38","msg":"init logger success"}
{"level":"INFO","time":"2022-09-22T14:39:24.782+0800","caller":"core/zap.go:38","msg":"init logger success"}
{"level":"INFO","time":"2022-09-22T17:18:48.049+0800","caller":"core/zap.go:38","msg":"init logger success"}
{"level":"INFO","time":"2022-09-22T17:26:13.813+0800","caller":"core/zap.go:38","msg":"init logger success"}
{"level":"INFO","time":"2022-09-22T17:30:43.307+0800","caller":"core/zap.go:38","msg":"init logger success"}
{"level":"INFO","time":"2022-09-22T17:32:32.836+0800","caller":"core/zap.go:38","msg":"init logger success"}
{"level":"INFO","time":"2022-09-22T17:35:55.334+0800","caller":"core/zap.go:38","msg":"init logger success"}
{"level":"ERROR","time":"2022-09-22T17:37:45.534+0800","caller":"controller/user.go:56","msg":"shouldBind register failed","error":"Key: 'RegisterForm.DepartmentName' Error:Field validation for 'DepartmentName' failed on the 'required' tag"}
{"level":"ERROR","time":"2022-09-22T17:38:23.414+0800","caller":"service/user.go:32","msg":"department is not exist","error":"该部门不存在,请重新确定部门"}
{"level":"INFO","time":"2022-09-22T17:39:51.950+0800","caller":"core/zap.go:38","msg":"init logger success"}
{"level":"INFO","time":"2022-09-22T17:40:59.910+0800","caller":"core/zap.go:38","msg":"init logger success"}
{"level":"INFO","time":"2022-09-22T17:44:37.326+0800","caller":"core/zap.go:38","msg":"init logger success"}
{"level":"ERROR","time":"2022-09-22T17:52:50.746+0800","caller":"controller/user.go:56","msg":"shouldBind register failed","error":"json: cannot unmarshal string into Go struct field RegisterForm.authority_id of type uint"}
{"level":"ERROR","time":"2022-09-22T17:58:02.173+0800","caller":"controller/user.go:56","msg":"shouldBind register failed","error":"json: cannot unmarshal string into Go struct field RegisterForm.authority_id of type uint"}
{"level":"ERROR","time":"2022-09-22T17:58:26.878+0800","caller":"controller/user.go:56","msg":"shouldBind register failed","error":"json: cannot unmarshal string into Go struct field RegisterForm.authority_id of type uint"}
{"level":"INFO","time":"2022-09-22T19:59:48.125+0800","caller":"core/zap.go:38","msg":"init logger success"}
{"level":"ERROR","time":"2022-09-22T20:00:43.824+0800","caller":"controller/user.go:56","msg":"shouldBind register failed","error":"Key: 'RegisterForm.AuthorityId' Error:Field validation for 'AuthorityId' failed on the 'required' tag"}
{"level":"ERROR","time":"2022-09-22T20:01:07.039+0800","caller":"controller/user.go:56","msg":"shouldBind register failed","error":"Key: 'RegisterForm.AuthorityId' Error:Field validation for 'AuthorityId' failed on the 'required' tag"}
{"level":"ERROR","time":"2022-09-22T20:02:46.437+0800","caller":"controller/user.go:56","msg":"shouldBind register failed","error":"Key: 'RegisterForm.AuthorityId' Error:Field validation for 'AuthorityId' failed on the 'required' tag"}
{"level":"ERROR","time":"2022-09-22T20:02:56.697+0800","caller":"controller/user.go:56","msg":"shouldBind register failed","error":"Key: 'RegisterForm.AuthorityId' Error:Field validation for 'AuthorityId' failed on the 'required' tag"}
{"level":"ERROR","time":"2022-09-22T20:02:58.516+0800","caller":"controller/user.go:56","msg":"shouldBind register failed","error":"Key: 'RegisterForm.AuthorityId' Error:Field validation for 'AuthorityId' failed on the 'required' tag"}
{"level":"INFO","time":"2022-09-22T20:03:42.493+0800","caller":"core/zap.go:38","msg":"init logger success"}
{"level":"ERROR","time":"2022-09-22T20:03:46.073+0800","caller":"controller/user.go:56","msg":"shouldBind register failed","error":"Key: 'RegisterForm.AuthorityId' Error:Field validation for 'AuthorityId' failed on the 'required' tag"}
{"level":"ERROR","time":"2022-09-22T20:05:12.853+0800","caller":"controller/user.go:56","msg":"shouldBind register failed","error":"Key: 'RegisterForm.AuthorityId' Error:Field validation for 'AuthorityId' failed on the 'required' tag"}
{"level":"ERROR","time":"2022-09-22T20:05:21.633+0800","caller":"controller/user.go:56","msg":"shouldBind register failed","error":"Key: 'RegisterForm.AuthorityId' Error:Field validation for 'AuthorityId' failed on the 'required' tag"}
{"level":"ERROR","time":"2022-09-22T20:05:41.852+0800","caller":"controller/user.go:56","msg":"shouldBind register failed","error":"Key: 'RegisterForm.AuthorityId' Error:Field validation for 'AuthorityId' failed on the 'required' tag"}
{"level":"INFO","time":"2022-09-22T20:06:29.551+0800","caller":"core/zap.go:38","msg":"init logger success"}
{"level":"INFO","time":"2022-09-22T20:12:43.392+0800","caller":"core/zap.go:38","msg":"init logger success"}
{"level":"ERROR","time":"2022-09-22T20:13:01.572+0800","caller":"controller/user.go:86","msg":"set auth failed","error":"该用户无此角色"}
{"level":"INFO","time":"2022-09-22T21:20:41.409+0800","caller":"core/zap.go:38","msg":"init logger success"}
{"level":"ERROR","time":"2022-09-22T21:21:52.399+0800","caller":"controller/user.go:103","msg":"create auth failed","error":"Error 1452: Cannot add or update a child row: a foreign key constraint fails (`armor_plate`.`ap_casbin_model`, CONSTRAINT `fk_ap_employee_authority` FOREIGN KEY (`authority_id`) REFERENCES `ap_employee` (`id`))"}
{"level":"INFO","time":"2022-09-22T21:32:26.132+0800","caller":"core/zap.go:38","msg":"init logger success"}
{"level":"INFO","time":"2022-09-22T21:33:18.738+0800","caller":"core/zap.go:38","msg":"init logger success"}
{"level":"INFO","time":"2022-09-22T21:39:26.117+0800","caller":"core/zap.go:38","msg":"init logger success"}
{"level":"INFO","time":"2022-09-22T21:39:35.589+0800","caller":"core/zap.go:38","msg":"init logger success"}
{"level":"INFO","time":"2022-09-22T21:40:28.150+0800","caller":"core/zap.go:38","msg":"init logger success"}
{"level":"ERROR","time":"2022-09-22T21:42:19.142+0800","caller":"service/user.go:32","msg":"department is not exist","error":"该部门不存在,请重新确定部门"}
{"level":"ERROR","time":"2022-09-22T21:42:21.673+0800","caller":"service/user.go:32","msg":"department is not exist","error":"该部门不存在,请重新确定部门"}
{"level":"ERROR","time":"2022-09-22T21:43:40.811+0800","caller":"service/user.go:47","msg":"mysql register failed","error":"用户已存在"}
{"level":"INFO","time":"2022-09-22T21:49:55.159+0800","caller":"core/zap.go:38","msg":"init logger success"}
{"level":"INFO","time":"2022-09-22T21:50:35.364+0800","caller":"core/zap.go:38","msg":"init logger success"}
{"level":"INFO","time":"2022-09-22T21:54:08.697+0800","caller":"core/zap.go:38","msg":"init logger success"}
{"level":"INFO","time":"2022-09-22T21:55:20.715+0800","caller":"core/zap.go:38","msg":"init logger success"}
{"level":"INFO","time":"2022-09-22T21:58:10.575+0800","caller":"core/zap.go:38","msg":"init logger success"}
{"level":"INFO","time":"2022-09-23T14:00:19.312+0800","caller":"core/zap.go:38","msg":"init logger success"}
{"level":"ERROR","time":"2022-09-23T14:01:09.901+0800","caller":"service/user.go:32","msg":"department is not exist","error":"该部门不存在,请重新确定部门"}
{"level":"INFO","time":"2022-09-23T14:44:26.562+0800","caller":"core/zap.go:38","msg":"init logger success"}
{"level":"INFO","time":"2022-09-23T15:14:38.737+0800","caller":"core/zap.go:38","msg":"init logger success"}
{"level":"INFO","time":"2022-09-23T15:22:33.642+0800","caller":"core/zap.go:38","msg":"init logger success"}
{"level":"INFO","time":"2022-09-23T15:24:16.172+0800","caller":"core/zap.go:38","msg":"init logger success"}
{"level":"INFO","time":"2022-09-23T15:25:56.026+0800","caller":"core/zap.go:38","msg":"init logger success"}
{"level":"INFO","time":"2022-09-23T15:28:13.777+0800","caller":"core/zap.go:38","msg":"init logger success"}
{"level":"INFO","time":"2022-09-23T15:29:16.541+0800","caller":"core/zap.go:38","msg":"init logger success"}
{"level":"INFO","time":"2022-09-23T15:31:05.036+0800","caller":"core/zap.go:38","msg":"init logger success"}
{"level":"ERROR","time":"2022-09-23T15:31:26.364+0800","caller":"controller/user.go:98","msg":"shouldBind create auth failed","error":"invalid character '}' looking for beginning of object key string"}
{"level":"INFO","time":"2022-09-23T15:48:57.556+0800","caller":"core/zap.go:38","msg":"init logger success"}
{"level":"INFO","time":"2022-09-23T15:51:11.210+0800","caller":"core/zap.go:38","msg":"init logger success"}
{"level":"ERROR","time":"2022-09-23T15:51:52.647+0800","caller":"controller/user.go:88","msg":"set auth failed","error":"该用户无此角色"}
{"level":"INFO","time":"2022-09-23T15:53:09.292+0800","caller":"core/zap.go:38","msg":"init logger success"}
{"level":"INFO","time":"2022-09-23T16:01:44.919+0800","caller":"core/zap.go:38","msg":"init logger success"}
{"level":"ERROR","time":"2022-09-23T16:01:48.536+0800","caller":"controller/user.go:88","msg":"set auth failed","error":"Error 1054: Unknown column 'ap_user_authority.employee_name' in 'field list'"}
{"level":"INFO","time":"2022-09-23T16:07:03.129+0800","caller":"core/zap.go:38","msg":"init logger success"}
{"level":"ERROR","time":"2022-09-23T16:07:07.430+0800","caller":"controller/user.go:88","msg":"set auth failed","error":"Error 1054: Unknown column 'ap_user_authority.employee_name' in 'field list'"}
{"level":"INFO","time":"2022-09-23T16:13:13.678+0800","caller":"core/zap.go:38","msg":"init logger success"}
{"level":"INFO","time":"2022-09-23T16:14:37.100+0800","caller":"core/zap.go:38","msg":"init logger success"}
{"level":"ERROR","time":"2022-09-23T16:15:09.120+0800","caller":"controller/user.go:88","msg":"set auth failed","error":"该用户无此角色"}
{"level":"INFO","time":"2022-09-23T16:22:05.273+0800","caller":"core/zap.go:38","msg":"init logger success"}
{"level":"ERROR","time":"2022-09-23T16:22:22.358+0800","caller":"controller/user.go:88","msg":"set auth failed","error":"Error 1054: Unknown column 'ap_user_authority.employee_name' in 'field list'"}
{"level":"INFO","time":"2022-09-23T16:27:08.852+0800","caller":"core/zap.go:38","msg":"init logger success"}
{"level":"ERROR","time":"2022-09-23T16:27:14.452+0800","caller":"controller/user.go:88","msg":"set auth failed","error":"Error 1054: Unknown column 'ap_user_authority.employee_name' in 'field list'"}
{"level":"INFO","time":"2022-09-23T16:30:58.360+0800","caller":"core/zap.go:38","msg":"init logger success"}
{"level":"INFO","time":"2022-09-23T16:40:51.074+0800","caller":"core/zap.go:38","msg":"init logger success"}
{"level":"INFO","time":"2022-09-23T16:42:21.936+0800","caller":"core/zap.go:38","msg":"init logger success"}
{"level":"INFO","time":"2022-09-23T16:42:40.952+0800","caller":"core/zap.go:38","msg":"init logger success"}
{"level":"INFO","time":"2022-09-23T16:50:41.910+0800","caller":"core/zap.go:38","msg":"init logger success"}
{"level":"INFO","time":"2022-09-23T16:57:40.961+0800","caller":"core/zap.go:38","msg":"init logger success"}
{"level":"INFO","time":"2022-09-23T16:58:37.951+0800","caller":"core/zap.go:38","msg":"init logger success"}
{"level":"INFO","time":"2022-09-23T17:00:02.957+0800","caller":"core/zap.go:38","msg":"init logger success"}
{"level":"INFO","time":"2022-09-23T17:02:48.656+0800","caller":"core/zap.go:38","msg":"init logger success"}
{"level":"INFO","time":"2022-09-23T17:07:34.550+0800","caller":"core/zap.go:38","msg":"init logger success"}
{"level":"INFO","time":"2022-09-23T17:11:57.076+0800","caller":"core/zap.go:38","msg":"init logger success"}
{"level":"INFO","time":"2022-09-23T17:12:44.779+0800","caller":"core/zap.go:38","msg":"init logger success"}
{"level":"INFO","time":"2022-09-23T17:15:11.893+0800","caller":"core/zap.go:38","msg":"init logger success"}
{"level":"INFO","time":"2022-09-23T17:15:46.324+0800","caller":"core/zap.go:38","msg":"init logger success"}
{"level":"INFO","time":"2022-09-23T19:48:48.275+0800","caller":"core/zap.go:38","msg":"init logger success"}
{"level":"INFO","time":"2022-09-23T20:44:51.984+0800","caller":"core/zap.go:38","msg":"init logger success"}
{"level":"INFO","time":"2022-09-23T20:46:00.999+0800","caller":"core/zap.go:38","msg":"init logger success"}
{"level":"ERROR","time":"2022-09-23T20:51:16.812+0800","caller":"controller/armor.go:14","msg":"should bind product failed","error":"invalid character '\"' after object key:value pair"}
{"level":"ERROR","time":"2022-09-23T20:54:31.664+0800","caller":"controller/armor.go:38","msg":"service product path failed","error":"WHERE conditions required"}
{"level":"INFO","time":"2022-09-23T20:55:29.395+0800","caller":"core/zap.go:38","msg":"init logger success"}
{"level":"INFO","time":"2022-09-23T21:25:52.108+0800","caller":"core/zap.go:38","msg":"init logger success"}
{"level":"INFO","time":"2022-09-23T21:26:21.268+0800","caller":"core/zap.go:38","msg":"init logger success"}
{"level":"INFO","time":"2022-09-23T21:27:41.269+0800","caller":"core/zap.go:38","msg":"init logger success"}
{"level":"INFO","time":"2022-09-23T21:30:31.190+0800","caller":"core/zap.go:38","msg":"init logger success"}
{"level":"INFO","time":"2022-09-23T22:16:59.743+0800","caller":"core/zap.go:38","msg":"init logger success"}
{"level":"INFO","time":"2022-09-24T15:00:32.957+0800","caller":"core/zap.go:38","msg":"init logger success"}
{"level":"INFO","time":"2022-09-26T15:34:40.995+0800","caller":"core/zap.go:38","msg":"init logger success"}
{"level":"INFO","time":"2022-09-26T15:36:39.354+0800","caller":"core/zap.go:38","msg":"init logger success"}
{"level":"ERROR","time":"2022-09-26T15:42:59.572+0800","caller":"service/depot.go:24","msg":"mysql.CreateDepot failed","error":"Error 1146: Table 'armor_plate.ap_depot' doesn't exist"}
{"level":"ERROR","time":"2022-09-26T15:42:59.572+0800","caller":"controller/depot.go:19","msg":"shouldBind CreateDepot failed","error":"Error 1146: Table 'armor_plate.ap_depot' doesn't exist"}
{"level":"ERROR","time":"2022-09-26T16:08:45.826+0800","caller":"controller/order.go:23","msg":"service.CreateOrderMes failed","error":"不存在该货物"}
{"level":"ERROR","time":"2022-09-26T16:14:34.673+0800","caller":"controller/order.go:39","msg":"service.DeliveryOrder failed","error":"Error 1146: Table 'armor_plate.ap_deopt' doesn't exist"}
{"level":"ERROR","time":"2022-09-26T16:14:41.307+0800","caller":"controller/order.go:39","msg":"service.DeliveryOrder failed","error":"Error 1146: Table 'armor_plate.ap_deopt' doesn't exist"}
{"level":"INFO","time":"2022-09-26T16:15:18.871+0800","caller":"core/zap.go:38","msg":"init logger success"}
{"level":"ERROR","time":"2022-09-26T16:15:22.871+0800","caller":"controller/order.go:39","msg":"service.DeliveryOrder failed","error":"Error 1305: FUNCTION armor_plate.depot_id does not exist"}
{"level":"INFO","time":"2022-09-26T16:16:30.304+0800","caller":"core/zap.go:38","msg":"init logger success"}
{"level":"ERROR","time":"2022-09-26T16:16:35.990+0800","caller":"controller/order.go:39","msg":"service.DeliveryOrder failed","error":"Error 1064: You have an error in your SQL syntax; check the manual that corresponds to your MySQL server version for the right syntax to use near '`' at line 1"}
{"level":"INFO","time":"2022-09-26T16:20:56.250+0800","caller":"core/zap.go:38","msg":"init logger success"}
{"level":"INFO","time":"2022-09-26T16:29:50.718+0800","caller":"core/zap.go:38","msg":"init logger success"}
{"level":"INFO","time":"2022-09-26T16:30:23.151+0800","caller":"core/zap.go:38","msg":"init logger success"}
{"level":"INFO","time":"2022-09-26T16:30:59.809+0800","caller":"core/zap.go:38","msg":"init logger success"}
{"level":"INFO","time":"2022-09-26T16:32:27.335+0800","caller":"core/zap.go:38","msg":"init logger success"}
{"level":"INFO","time":"2022-09-26T16:53:54.823+0800","caller":"core/zap.go:38","msg":"init logger success"}
{"level":"INFO","time":"2022-09-26T16:55:17.716+0800","caller":"core/zap.go:38","msg":"init logger success"}
{"level":"INFO","time":"2022-09-26T16:56:45.437+0800","caller":"core/zap.go:38","msg":"init logger success"}
{"level":"INFO","time":"2022-09-26T16:58:31.506+0800","caller":"core/zap.go:38","msg":"init logger success"}
{"level":"INFO","time":"2022-09-26T16:59:06.942+0800","caller":"core/zap.go:38","msg":"init logger success"}
{"level":"INFO","time":"2022-09-26T17:00:04.021+0800","caller":"core/zap.go:38","msg":"init logger success"}
{"level":"INFO","time":"2022-09-26T17:04:16.870+0800","caller":"core/zap.go:38","msg":"init logger success"}
{"level":"INFO","time":"2022-09-26T17:06:18.543+0800","caller":"core/zap.go:38","msg":"init logger success"}
{"level":"INFO","time":"2022-09-26T17:08:16.962+0800","caller":"core/zap.go:38","msg":"init logger success"}
{"level":"INFO","time":"2022-09-26T17:14:39.859+0800","caller":"core/zap.go:38","msg":"init logger success"}
{"level":"INFO","time":"2022-09-26T17:26:48.417+0800","caller":"core/zap.go:38","msg":"init logger success"}
{"level":"INFO","time":"2022-09-26T17:30:44.289+0800","caller":"core/zap.go:38","msg":"init logger success"}
{"level":"INFO","time":"2022-09-26T17:38:43.055+0800","caller":"core/zap.go:38","msg":"init logger success"}
{"level":"INFO","time":"2022-10-18T14:54:36.399+0800","caller":"core/zap.go:38","msg":"init logger success"}
{"level":"INFO","time":"2022-10-18T14:56:17.352+0800","caller":"core/zap.go:38","msg":"init logger success"}
{"level":"INFO","time":"2022-10-18T14:56:57.513+0800","caller":"core/zap.go:38","msg":"init logger success"}
{"level":"INFO","time":"2022-10-18T14:58:14.027+0800","caller":"core/zap.go:38","msg":"init logger success"}
{"level":"INFO","time":"2022-10-18T15:03:17.020+0800","caller":"core/zap.go:38","msg":"init logger success"}
{"level":"INFO","time":"2022-10-18T15:04:07.911+0800","caller":"core/zap.go:38","msg":"init logger success"}
{"level":"INFO","time":"2022-10-18T15:05:14.113+0800","caller":"core/zap.go:38","msg":"init logger success"}
{"level":"INFO","time":"2022-10-18T15:05:53.740+0800","caller":"core/zap.go:38","msg":"init logger success"}
{"level":"INFO","time":"2022-10-18T15:24:46.056+0800","caller":"core/zap.go:38","msg":"init logger success"}
{"level":"INFO","time":"2022-10-18T15:27:50.545+0800","caller":"core/zap.go:38","msg":"init logger success"}
{"level":"INFO","time":"2022-10-18T15:28:37.472+0800","caller":"core/zap.go:38","msg":"init logger success"}
{"level":"INFO","time":"2022-10-18T15:28:52.667+0800","caller":"core/zap.go:38","msg":"init logger success"}
{"level":"INFO","time":"2022-10-18T15:29:11.285+0800","caller":"core/zap.go:38","msg":"init logger success"}
{"level":"INFO","time":"2022-10-18T15:32:35.788+0800","caller":"core/zap.go:38","msg":"init logger success"}
{"level":"INFO","time":"2022-10-18T15:34:17.459+0800","caller":"core/zap.go:38","msg":"init logger success"}
{"level":"INFO","time":"2022-10-18T15:35:49.215+0800","caller":"core/zap.go:38","msg":"init logger success"}
{"level":"INFO","time":"2022-10-18T16:22:16.107+0800","caller":"core/zap.go:38","msg":"init logger success"}
{"level":"INFO","time":"2022-10-18T16:24:11.491+0800","caller":"core/zap.go:38","msg":"init logger success"}
{"level":"INFO","time":"2022-10-18T16:26:27.904+0800","caller":"core/zap.go:38","msg":"init logger success"}
{"level":"INFO","time":"2022-10-18T16:26:57.849+0800","caller":"core/zap.go:38","msg":"init logger success"}
{"level":"INFO","time":"2022-10-18T16:27:28.214+0800","caller":"core/zap.go:38","msg":"init logger success"}
{"level":"INFO","time":"2022-10-18T16:33:23.189+0800","caller":"core/zap.go:38","msg":"init logger success"}
{"level":"INFO","time":"2022-10-18T16:33:45.435+0800","caller":"core/zap.go:38","msg":"init logger success"}
{"level":"INFO","time":"2022-10-19T21:06:03.103+0800","caller":"core/zap.go:38","msg":"init logger success"}
{"level":"INFO","time":"2022-10-19T21:08:01.965+0800","caller":"core/zap.go:38","msg":"init logger success"}
{"level":"INFO","time":"2022-10-19T21:10:29.109+0800","caller":"core/zap.go:38","msg":"init logger success"}
{"level":"INFO","time":"2022-10-19T21:12:19.135+0800","caller":"core/zap.go:38","msg":"init logger success"}
{"level":"INFO","time":"2022-10-19T21:27:19.916+0800","caller":"core/zap.go:38","msg":"init logger success"}
{"level":"INFO","time":"2022-10-19T21:28:59.872+0800","caller":"core/zap.go:38","msg":"init logger success"}
{"level":"INFO","time":"2022-10-19T21:31:21.384+0800","caller":"core/zap.go:38","msg":"init logger success"}
{"level":"INFO","time":"2022-10-19T21:33:06.945+0800","caller":"core/zap.go:38","msg":"init logger success"}
{"level":"INFO","time":"2022-10-19T21:33:41.043+0800","caller":"core/zap.go:38","msg":"init logger success"}
